[INFO] [16:13:06] 当前文件:D:/cihuaTemp/yd_66551166_cn/templets/cihua\artcle_team.htm
[INFO] [16:13:06] 当前文件:D:/cihuaTemp/yd_66551166_cn/templets/cihua\article_article.htm
[INFO] [16:13:06] 当前文件:D:/cihuaTemp/yd_66551166_cn/templets/cihua\article_ch17.htm
[INFO] [16:13:06] 当前文件:D:/cihuaTemp/yd_66551166_cn/templets/cihua\article_yydt.htm
[INFO] [16:13:06] 当前文件:D:/cihuaTemp/yd_66551166_cn/templets/cihua\foot.htm
[INFO] [16:13:06] 当前文件:D:/cihuaTemp/yd_66551166_cn/templets/cihua\head.htm
[INFO] [16:13:06] 当前文件:D:/cihuaTemp/yd_66551166_cn/templets/cihua\index.htm
[INFO] [16:13:06] 当前文件:D:/cihuaTemp/yd_66551166_cn/templets/cihua\index_about.htm
[INFO] [16:13:06] 当前文件:D:/cihuaTemp/yd_66551166_cn/templets/cihua\list_article.htm
[INFO] [16:13:06] 当前文件:D:/cihuaTemp/yd_66551166_cn/templets/cihua\list_team.htm
[INFO] [16:13:06] 当前文件:D:/cihuaTemp/yd_66551166_cn/templets/cihua\list_yydt.htm
[INFO] [16:13:06] 当前文件:D:/cihuaTemp/yd_66551166_cn/templets/cihua\zt_yzjptc.htm
[INFO] [16:13:18] 当前文件:D:/cihuaTemp/yd_66551166_cn/templets/cihua\artcle_team.htm
[INFO] [16:13:18] 当前文件:D:/cihuaTemp/yd_66551166_cn/templets/cihua\article_article.htm
[INFO] [16:13:18] 当前文件:D:/cihuaTemp/yd_66551166_cn/templets/cihua\article_ch17.htm
[INFO] [16:13:18] 当前文件:D:/cihuaTemp/yd_66551166_cn/templets/cihua\article_yydt.htm
[INFO] [16:13:18] 当前文件:D:/cihuaTemp/yd_66551166_cn/templets/cihua\foot.htm
[INFO] [16:13:18] 当前文件:D:/cihuaTemp/yd_66551166_cn/templets/cihua\head.htm
[INFO] [16:13:18] 当前文件:D:/cihuaTemp/yd_66551166_cn/templets/cihua\index.htm
[INFO] [16:13:18] 当前文件:D:/cihuaTemp/yd_66551166_cn/templets/cihua\index_about.htm
[INFO] [16:13:18] 当前文件:D:/cihuaTemp/yd_66551166_cn/templets/cihua\list_article.htm
[INFO] [16:13:18] 当前文件:D:/cihuaTemp/yd_66551166_cn/templets/cihua\list_team.htm
[INFO] [16:13:18] 当前文件:D:/cihuaTemp/yd_66551166_cn/templets/cihua\list_yydt.htm
[INFO] [16:13:18] 当前文件:D:/cihuaTemp/yd_66551166_cn/templets/cihua\zt_yzjptc.htm
[INFO] [16:15:32] 当前文件:D:/cihuaTemp/yd_66551166_cn/templets/cihua\artcle_team.htm
[INFO] [16:15:32] 当前文件:D:/cihuaTemp/yd_66551166_cn/templets/cihua\article_article.htm
[INFO] [16:15:32] 当前文件:D:/cihuaTemp/yd_66551166_cn/templets/cihua\article_ch17.htm
[INFO] [16:15:32] 当前文件:D:/cihuaTemp/yd_66551166_cn/templets/cihua\article_yydt.htm
[INFO] [16:15:32] 当前文件:D:/cihuaTemp/yd_66551166_cn/templets/cihua\foot.htm
[INFO] [16:15:32] 当前文件:D:/cihuaTemp/yd_66551166_cn/templets/cihua\head.htm
[INFO] [16:15:32] 当前文件:D:/cihuaTemp/yd_66551166_cn/templets/cihua\index.htm
[INFO] [16:15:32] 当前文件:D:/cihuaTemp/yd_66551166_cn/templets/cihua\index_about.htm
[INFO] [16:15:33] 当前文件:D:/cihuaTemp/yd_66551166_cn/templets/cihua\list_article.htm
[INFO] [16:15:33] 当前文件:D:/cihuaTemp/yd_66551166_cn/templets/cihua\list_team.htm
[INFO] [16:15:33] 当前文件:D:/cihuaTemp/yd_66551166_cn/templets/cihua\list_yydt.htm
[INFO] [16:15:33] 当前文件:D:/cihuaTemp/yd_66551166_cn/templets/cihua\zt_yzjptc.htm
[INFO] [16:16:31] 当前文件:D:/cihuaTemp/yd_66551166_cn/templets/cihua\artcle_team.htm
[INFO] [16:16:31] 当前文件:D:/cihuaTemp/yd_66551166_cn/templets/cihua\article_article.htm
[INFO] [16:16:31] 当前文件:D:/cihuaTemp/yd_66551166_cn/templets/cihua\article_ch17.htm
[INFO] [16:16:31] 当前文件:D:/cihuaTemp/yd_66551166_cn/templets/cihua\article_yydt.htm
[INFO] [16:16:31] 当前文件:D:/cihuaTemp/yd_66551166_cn/templets/cihua\foot.htm
[INFO] [16:16:31] 当前文件:D:/cihuaTemp/yd_66551166_cn/templets/cihua\head.htm
[INFO] [16:16:31] 当前文件:D:/cihuaTemp/yd_66551166_cn/templets/cihua\index.htm
[INFO] [16:16:31] 当前文件:D:/cihuaTemp/yd_66551166_cn/templets/cihua\index_about.htm
[INFO] [16:16:31] 当前文件:D:/cihuaTemp/yd_66551166_cn/templets/cihua\list_article.htm
[INFO] [16:16:31] 当前文件:D:/cihuaTemp/yd_66551166_cn/templets/cihua\list_team.htm
[INFO] [16:16:31] 当前文件:D:/cihuaTemp/yd_66551166_cn/templets/cihua\list_yydt.htm
[INFO] [16:16:31] 当前文件:D:/cihuaTemp/yd_66551166_cn/templets/cihua\zt_yzjptc.htm
[INFO] [16:16:42] 当前文件:D:/cihuaTemp/yd_66551166_cn/templets/cihua\artcle_team.htm
[INFO] [16:16:42] 当前文件:D:/cihuaTemp/yd_66551166_cn/templets/cihua\article_article.htm
[INFO] [16:16:42] 当前文件:D:/cihuaTemp/yd_66551166_cn/templets/cihua\article_ch17.htm
[INFO] [16:16:42] 当前文件:D:/cihuaTemp/yd_66551166_cn/templets/cihua\article_yydt.htm
[INFO] [16:16:42] 当前文件:D:/cihuaTemp/yd_66551166_cn/templets/cihua\foot.htm
[INFO] [16:16:42] 当前文件:D:/cihuaTemp/yd_66551166_cn/templets/cihua\head.htm
[INFO] [16:16:42] 当前文件:D:/cihuaTemp/yd_66551166_cn/templets/cihua\index.htm
[INFO] [16:16:42] 当前文件:D:/cihuaTemp/yd_66551166_cn/templets/cihua\index_about.htm
[INFO] [16:16:43] 当前文件:D:/cihuaTemp/yd_66551166_cn/templets/cihua\list_article.htm
[INFO] [16:16:43] 当前文件:D:/cihuaTemp/yd_66551166_cn/templets/cihua\list_team.htm
[INFO] [16:16:43] 当前文件:D:/cihuaTemp/yd_66551166_cn/templets/cihua\list_yydt.htm
[INFO] [16:16:43] 当前文件:D:/cihuaTemp/yd_66551166_cn/templets/cihua\zt_yzjptc.htm
[INFO] [16:18:05] 当前文件:D:/cihuaTemp/yd_66551166_cn/templets/cihua\artcle_team.htm
[INFO] [16:18:05] 当前文件:D:/cihuaTemp/yd_66551166_cn/templets/cihua\article_article.htm
[INFO] [16:18:05] 当前文件:D:/cihuaTemp/yd_66551166_cn/templets/cihua\article_ch17.htm
[INFO] [16:18:05] 当前文件:D:/cihuaTemp/yd_66551166_cn/templets/cihua\article_yydt.htm
[INFO] [16:18:05] 当前文件:D:/cihuaTemp/yd_66551166_cn/templets/cihua\foot.htm
[INFO] [16:18:05] 当前文件:D:/cihuaTemp/yd_66551166_cn/templets/cihua\head.htm
[INFO] [16:18:05] 当前文件:D:/cihuaTemp/yd_66551166_cn/templets/cihua\index.htm
[INFO] [16:18:06] 当前文件:D:/cihuaTemp/yd_66551166_cn/templets/cihua\index_about.htm
[INFO] [16:18:06] 当前文件:D:/cihuaTemp/yd_66551166_cn/templets/cihua\list_article.htm
[INFO] [16:18:06] 当前文件:D:/cihuaTemp/yd_66551166_cn/templets/cihua\list_team.htm
[INFO] [16:18:06] 当前文件:D:/cihuaTemp/yd_66551166_cn/templets/cihua\list_yydt.htm
[INFO] [16:18:06] 当前文件:D:/cihuaTemp/yd_66551166_cn/templets/cihua\zt_yzjptc.htm
[INFO] [16:23:07] 当前文件:D:\python\modifyCode\test\a.html
[INFO] [16:23:08] 当前文件:D:\python\modifyCode\test\b.html
[INFO] [16:24:41] 当前文件:D:\python\modifyCode\test\a.html
[INFO] [16:24:41] 当前文件:D:\python\modifyCode\test\b.html
[INFO] [16:25:23] 当前文件:D:\python\modifyCode\test\a.html
[INFO] [16:25:23] 当前文件:D:\python\modifyCode\test\b.html
[INFO] [16:25:44] 当前文件:D:\python\modifyCode\test\a.html
[INFO] [16:25:45] 当前文件:D:\python\modifyCode\test\b.html
[INFO] [16:25:45] 当前文件:D:\python\modifyCode\test\c.js
[INFO] [16:34:42] 当前文件:D:\python\modifyCode\test\a.html
[INFO] [16:34:43] 当前文件:D:\python\modifyCode\test\b.html
[INFO] [16:40:08] 当前文件:D:\python\modifyCode\test\a.html
[INFO] [16:40:08] 当前文件:D:\python\modifyCode\test\b.html
[INFO] [16:41:17] 当前文件:D:\python\modifyCode\test\a.html
[INFO] [16:41:17] 当前文件:D:\python\modifyCode\test\b.html
[INFO] [16:41:56] 当前文件:D:\python\modifyCode\test\a.html
[INFO] [16:41:56] 当前文件:D:\python\modifyCode\test\b.html
[INFO] [16:42:15] 当前文件:D:\python\modifyCode\test\a.html
[INFO] [16:42:15] 当前文件:D:\python\modifyCode\test\b.html
[INFO] [16:44:42] 当前文件:D:\python\modifyCode\test\a.html
[INFO] [16:44:42] 当前文件:D:\python\modifyCode\test\b.html
[INFO] [16:44:42] 当前文件:D:\python\modifyCode\test\c.js
[INFO] [16:45:36] 当前文件:D:\python\modifyCode\test\a.html
[INFO] [16:45:36] 当前文件:D:\python\modifyCode\test\b.html
[INFO] [16:46:46] 当前文件:D:\python\modifyCode\test\a.html
[INFO] [16:46:46] 当前文件:D:\python\modifyCode\test\b.html
[INFO] [16:47:31] 当前文件:D:\python\modifyCode\test\a.html
[INFO] [16:47:32] 当前文件:D:\python\modifyCode\test\b.html
[INFO] [16:48:37] 当前文件:D:\python\modifyCode\test\a.html
[INFO] [16:48:38] 当前文件:D:\python\modifyCode\test\b.html
[INFO] [16:48:55] 当前文件:D:\python\modifyCode\test\a.html
[INFO] [16:48:55] 当前文件:D:\python\modifyCode\test\b.html
[INFO] [16:49:01] 当前文件:D:\python\modifyCode\test\a.html
[INFO] [16:49:01] 当前文件:D:\python\modifyCode\test\b.html
[INFO] [16:49:16] 当前文件:D:\python\modifyCode\test\a.html
[INFO] [16:49:17] 当前文件:D:\python\modifyCode\test\b.html
[INFO] [16:49:17] 当前文件:D:\python\modifyCode\test\c.js
[INFO] [16:49:31] 当前文件:D:\python\modifyCode\test\a.html
[INFO] [16:49:31] 当前文件:D:\python\modifyCode\test\b.html
[INFO] [16:49:31] 当前文件:D:\python\modifyCode\test\c.js
[INFO] [16:50:36] 当前文件:D:\python\modifyCode\test\a.html
[INFO] [16:50:36] 当前文件:D:\python\modifyCode\test\b.html
[INFO] [16:50:50] 当前文件:D:\python\modifyCode\test\a.html
[INFO] [16:50:50] 当前文件:D:\python\modifyCode\test\b.html
[INFO] [16:51:06] 当前文件:D:\python\modifyCode\test\a.html
[INFO] [16:51:06] 当前文件:D:\python\modifyCode\test\b.html
[INFO] [16:52:00] 当前文件:D:\python\modifyCode\test\a.html
[INFO] [16:52:00] 当前文件:D:\python\modifyCode\test\b.html
[INFO] [16:52:00] 当前文件:D:\python\modifyCode\test\c.js
[INFO] [16:53:33] 当前文件:D:\python\modifyCode\test\a.html
[INFO] [16:53:34] 当前文件:D:\python\modifyCode\test\b.html
[INFO] [16:53:34] 当前文件:D:\python\modifyCode\test\c.js
[INFO] [16:53:43] 当前文件:D:\python\modifyCode\test\a.html
[INFO] [16:53:43] 当前文件:D:\python\modifyCode\test\b.html
[INFO] [16:53:43] 当前文件:D:\python\modifyCode\test\c.js
[INFO] [16:54:17] 当前文件:D:\python\modifyCode\test\a.html
[INFO] [16:54:17] 当前文件:D:\python\modifyCode\test\b.html
[INFO] [16:54:17] 当前文件:D:\python\modifyCode\test\c.js
[INFO] [16:54:49] 当前文件:D:\python\modifyCode\test\a.html
[INFO] [16:54:49] 当前文件:D:\python\modifyCode\test\b.html
[WARNING] [16:54:49] 未匹配到文件编码，已跳过:D:\python\modifyCode\test\b.html
[INFO] [16:54:49] 当前文件:D:\python\modifyCode\test\c.js
[WARNING] [16:54:49] 未匹配到文件编码，已跳过:D:\python\modifyCode\test\c.js
[INFO] [16:55:04] 当前文件:D:\python\modifyCode\test\a.html
[INFO] [16:55:04] 当前文件:D:\python\modifyCode\test\b.html
[INFO] [16:55:04] 当前文件:D:\python\modifyCode\test\c.js
[INFO] [16:55:16] 当前文件:D:\python\modifyCode\test\a.html
[INFO] [16:55:16] 当前文件:D:\python\modifyCode\test\b.html
[INFO] [16:55:16] 当前文件:D:\python\modifyCode\test\c.js
[INFO] [16:56:31] 当前文件:D:\python\modifyCode\test\a.html
[INFO] [16:56:31] 当前文件:D:\python\modifyCode\test\b.html
[WARNING] [16:56:31] 未匹配到文件编码，已跳过:D:\python\modifyCode\test\b.html
[INFO] [16:56:31] 当前文件:D:\python\modifyCode\test\c.js
[INFO] [16:56:41] 当前文件:D:\python\modifyCode\test\a.html
[INFO] [16:56:41] 当前文件:D:\python\modifyCode\test\b.html
[INFO] [16:57:39] 当前文件:D:\python\modifyCode\test\a.html
[INFO] [16:57:39] 当前文件:D:\python\modifyCode\test\b.html
[INFO] [16:57:58] 当前文件:D:\python\modifyCode\test\a.html
[INFO] [16:57:58] 当前文件:D:\python\modifyCode\test\b.html
[INFO] [16:59:24] 当前文件:D:\python\modifyCode\test\a.html
[INFO] [16:59:24] 当前文件:D:\python\modifyCode\test\b.html
[INFO] [16:59:49] 当前文件:D:\python\modifyCode\test\a.html
[INFO] [16:59:50] 当前文件:D:\python\modifyCode\test\b.html
[INFO] [17:01:27] 当前文件:D:\python\modifyCode\test\a.html
[INFO] [17:01:27] 当前文件:D:\python\modifyCode\test\b.html
[INFO] [17:01:27] 当前文件:D:\python\modifyCode\test\c.js
[INFO] [17:02:14] 当前文件:D:\python\modifyCode\test\a.html
[INFO] [17:02:14] 当前文件:D:\python\modifyCode\test\b.html
[WARNING] [17:02:14] 未匹配到文件编码，已跳过:D:\python\modifyCode\test\b.html
[INFO] [17:02:14] 当前文件:D:\python\modifyCode\test\c.js
[INFO] [17:03:04] 当前文件:D:\python\modifyCode\test\a.html
[INFO] [17:03:04] 当前文件:D:\python\modifyCode\test\b.html
[INFO] [17:03:04] 当前文件:D:\python\modifyCode\test\c.js
[INFO] [17:03:12] 当前文件:D:\python\modifyCode\test\a.html
[INFO] [17:03:12] 当前文件:D:\python\modifyCode\test\b.html
[WARNING] [17:03:12] 未读取到文件内容，已跳过:D:\python\modifyCode\test\b.html
[INFO] [17:03:12] 当前文件:D:\python\modifyCode\test\c.js
[INFO] [17:03:47] 当前文件:D:\python\modifyCode\test\a.html
[INFO] [17:03:47] 当前文件:D:\python\modifyCode\test\b.html
[INFO] [17:03:47] 当前文件:D:\python\modifyCode\test\c.js
[INFO] [17:03:54] 当前文件:D:\python\modifyCode\test\a.html
[INFO] [17:03:54] 当前文件:D:\python\modifyCode\test\b.html
[INFO] [17:04:28] 当前文件:D:\python\modifyCode\test\a.html
[INFO] [17:04:28] 当前文件:D:\python\modifyCode\test\b.html
[INFO] [17:09:27] 当前文件:D:\python\modifyCode\test\a.html
[INFO] [17:09:27] 当前文件:D:\python\modifyCode\test\b.html
[INFO] [17:10:54] 当前文件:D:\python\modifyCode\test\a.html
[INFO] [17:10:54] 当前文件:D:\python\modifyCode\test\b.html
[INFO] [17:11:18] 当前文件:D:\python\modifyCode\test\a.html
[INFO] [17:11:18] 当前文件:D:\python\modifyCode\test\b.html
[INFO] [17:13:43] 当前文件:D:\python\modifyCode\test\a.html
[INFO] [17:13:43] 当前文件:D:\python\modifyCode\test\b.html
[INFO] [17:13:43] 当前文件:D:\python\modifyCode\test\c.js
[INFO] [17:15:50] 当前文件:D:\python\modifyCode\test\a.html
[INFO] [17:15:50] 当前文件:D:\python\modifyCode\test\b.html
[INFO] [17:15:50] 当前文件:D:\python\modifyCode\test\c.js
[INFO] [17:16:43] 当前文件:D:\python\modifyCode\test\a.html
[INFO] [17:16:43] 当前文件:D:\python\modifyCode\test\b.html
[INFO] [17:16:43] 当前文件:D:\python\modifyCode\test\c.js
[INFO] [17:16:50] 当前文件:D:\python\modifyCode\test\a.html
[INFO] [17:16:50] 当前文件:D:\python\modifyCode\test\b.html
[INFO] [17:16:50] 当前文件:D:\python\modifyCode\test\c.js
[INFO] [17:20:47] 当前文件:D:\python\modifyCode\test\a.html
[INFO] [17:20:47] 当前文件:D:\python\modifyCode\test\b.html
[INFO] [17:20:47] 当前文件:D:\python\modifyCode\test\c.js
[INFO] [17:20:56] 当前文件:D:\python\modifyCode\test\a.html
[INFO] [17:20:56] 当前文件:D:\python\modifyCode\test\b.html
[INFO] [17:20:56] 当前文件:D:\python\modifyCode\test\c.js
[INFO] [17:21:48] 当前文件:D:\python\modifyCode\test\a.html
[INFO] [17:21:48] 当前文件:D:\python\modifyCode\test\b.html
[INFO] [17:21:48] 当前文件:D:\python\modifyCode\test\c.js
[INFO] [17:22:23] 当前文件:D:\python\modifyCode\test\a.html
[INFO] [17:22:23] 当前文件:D:\python\modifyCode\test\aaaa\d.css
[INFO] [17:22:23] 当前文件:D:\python\modifyCode\test\b.html
[INFO] [17:22:23] 当前文件:D:\python\modifyCode\test\c.js
[INFO] [17:24:29] 当前文件:D:\python\modifyCode\test\a.html
[INFO] [17:24:29] 当前文件:D:\python\modifyCode\test\aaaa\d.css
[INFO] [17:24:29] 当前文件:D:\python\modifyCode\test\b.html
[INFO] [17:24:29] 当前文件:D:\python\modifyCode\test\c.js
[INFO] [17:24:55] 当前文件:D:\python\modifyCode\test\a.html
[INFO] [17:24:56] 当前文件:D:\python\modifyCode\test\aaaa\d.css
[INFO] [17:24:56] 当前文件:D:\python\modifyCode\test\b.html
[INFO] [17:24:56] 当前文件:D:\python\modifyCode\test\c.js
[INFO] [17:25:49] 当前文件:D:\cihuaTemp\yd_66551166_cn\templets\cihua\artcle_team.htm
[INFO] [17:25:49] 当前文件:D:\cihuaTemp\yd_66551166_cn\templets\cihua\article_article.htm
[WARNING] [17:25:49] 未匹配到文件编码，已跳过:D:\cihuaTemp\yd_66551166_cn\templets\cihua\article_article.htm
[INFO] [17:25:49] 当前文件:D:\cihuaTemp\yd_66551166_cn\templets\cihua\article_ch17.htm
[WARNING] [17:25:49] 未匹配到文件编码，已跳过:D:\cihuaTemp\yd_66551166_cn\templets\cihua\article_ch17.htm
[INFO] [17:25:49] 当前文件:D:\cihuaTemp\yd_66551166_cn\templets\cihua\article_yydt.htm
[INFO] [17:25:49] 当前文件:D:\cihuaTemp\yd_66551166_cn\templets\cihua\css\css.css
[INFO] [17:25:49] 转换成功:D:\cihuaTemp\yd_66551166_cn\templets\cihua\css\css.css
[INFO] [17:25:49] 当前文件:D:\cihuaTemp\yd_66551166_cn\templets\cihua\css\style.css
[INFO] [17:25:50] 转换成功:D:\cihuaTemp\yd_66551166_cn\templets\cihua\css\style.css
[INFO] [17:25:50] 当前文件:D:\cihuaTemp\yd_66551166_cn\templets\cihua\css\stylexin.css
[INFO] [17:25:50] 当前文件:D:\cihuaTemp\yd_66551166_cn\templets\cihua\css\yyjjxin_img_zt_index.css
[INFO] [17:25:50] 转换成功:D:\cihuaTemp\yd_66551166_cn\templets\cihua\css\yyjjxin_img_zt_index.css
[INFO] [17:25:50] 当前文件:D:\cihuaTemp\yd_66551166_cn\templets\cihua\foot.htm
[INFO] [17:25:50] 转换成功:D:\cihuaTemp\yd_66551166_cn\templets\cihua\foot.htm
[INFO] [17:25:50] 当前文件:D:\cihuaTemp\yd_66551166_cn\templets\cihua\head.htm
[INFO] [17:25:50] 当前文件:D:\cihuaTemp\yd_66551166_cn\templets\cihua\index.htm
[INFO] [17:25:50] 当前文件:D:\cihuaTemp\yd_66551166_cn\templets\cihua\index_about.htm
[INFO] [17:25:50] 当前文件:D:\cihuaTemp\yd_66551166_cn\templets\cihua\js\banner.js
[INFO] [17:25:50] 转换成功:D:\cihuaTemp\yd_66551166_cn\templets\cihua\js\banner.js
[INFO] [17:25:50] 当前文件:D:\cihuaTemp\yd_66551166_cn\templets\cihua\js\base.js
[INFO] [17:25:50] 当前文件:D:\cihuaTemp\yd_66551166_cn\templets\cihua\js\bottom.js
[INFO] [17:25:50] 当前文件:D:\cihuaTemp\yd_66551166_cn\templets\cihua\js\footer.js
[INFO] [17:25:50] 当前文件:D:\cihuaTemp\yd_66551166_cn\templets\cihua\js\guahao.js
[INFO] [17:25:50] 当前文件:D:\cihuaTemp\yd_66551166_cn\templets\cihua\js\head.js
[INFO] [17:25:50] 转换成功:D:\cihuaTemp\yd_66551166_cn\templets\cihua\js\head.js
[INFO] [17:25:50] 当前文件:D:\cihuaTemp\yd_66551166_cn\templets\cihua\js\HOT.js
[INFO] [17:25:50] 当前文件:D:\cihuaTemp\yd_66551166_cn\templets\cihua\js\jquery-1.4.4.min.js
[INFO] [17:25:50] 转换成功:D:\cihuaTemp\yd_66551166_cn\templets\cihua\js\jquery-1.4.4.min.js
[INFO] [17:25:50] 当前文件:D:\cihuaTemp\yd_66551166_cn\templets\cihua\js\jquery-1.js
[INFO] [17:25:50] 转换成功:D:\cihuaTemp\yd_66551166_cn\templets\cihua\js\jquery-1.js
[INFO] [17:25:50] 当前文件:D:\cihuaTemp\yd_66551166_cn\templets\cihua\js\nav2.js
[INFO] [17:25:50] 转换成功:D:\cihuaTemp\yd_66551166_cn\templets\cihua\js\nav2.js
[INFO] [17:25:50] 当前文件:D:\cihuaTemp\yd_66551166_cn\templets\cihua\js\sjdhhm.js
[INFO] [17:25:50] 转换成功:D:\cihuaTemp\yd_66551166_cn\templets\cihua\js\sjdhhm.js
[INFO] [17:25:50] 当前文件:D:\cihuaTemp\yd_66551166_cn\templets\cihua\js\sjswtbj3.js
[INFO] [17:25:50] 转换成功:D:\cihuaTemp\yd_66551166_cn\templets\cihua\js\sjswtbj3.js
[INFO] [17:25:50] 当前文件:D:\cihuaTemp\yd_66551166_cn\templets\cihua\js\swt_bottom.js
[INFO] [17:25:50] 当前文件:D:\cihuaTemp\yd_66551166_cn\templets\cihua\js\touchslide.1.1.js
[INFO] [17:25:50] 转换成功:D:\cihuaTemp\yd_66551166_cn\templets\cihua\js\touchslide.1.1.js
[INFO] [17:25:50] 当前文件:D:\cihuaTemp\yd_66551166_cn\templets\cihua\js\touchslide.js
[INFO] [17:25:50] 转换成功:D:\cihuaTemp\yd_66551166_cn\templets\cihua\js\touchslide.js
[INFO] [17:25:50] 当前文件:D:\cihuaTemp\yd_66551166_cn\templets\cihua\js\xuanfu.js
[INFO] [17:25:50] 转换成功:D:\cihuaTemp\yd_66551166_cn\templets\cihua\js\xuanfu.js
[INFO] [17:25:50] 当前文件:D:\cihuaTemp\yd_66551166_cn\templets\cihua\js\yd_doctor.js
[INFO] [17:25:50] 转换成功:D:\cihuaTemp\yd_66551166_cn\templets\cihua\js\yd_doctor.js
[INFO] [17:25:50] 当前文件:D:\cihuaTemp\yd_66551166_cn\templets\cihua\js\yyy.js
[INFO] [17:25:50] 转换成功:D:\cihuaTemp\yd_66551166_cn\templets\cihua\js\yyy.js
[INFO] [17:25:50] 当前文件:D:\cihuaTemp\yd_66551166_cn\templets\cihua\list_article.htm
[WARNING] [17:25:50] 未匹配到文件编码，已跳过:D:\cihuaTemp\yd_66551166_cn\templets\cihua\list_article.htm
[INFO] [17:25:50] 当前文件:D:\cihuaTemp\yd_66551166_cn\templets\cihua\list_team.htm
[INFO] [17:25:50] 当前文件:D:\cihuaTemp\yd_66551166_cn\templets\cihua\list_yydt.htm
[INFO] [17:25:50] 当前文件:D:\cihuaTemp\yd_66551166_cn\templets\cihua\zt_yzjptc.htm
